<?xml version="1.0" encoding="UTF-8"?>
<!-- Generated by org.testng.reporters.JUnitXMLReporter -->
<testsuite hostname="LAP08565" ignored="0" name="Default test" tests="3" failures="0" timestamp="20 Mar 2020 08:37:31 GMT" time="11.902" errors="0">
  <testcase name="AccesCard_Deductions" time="6.963" classname="TestDriver.TestDriver_UI"/>
  <testcase name="Year25LongService" time="2.43" classname="TestDriver.TestDriver_UI"/>
  <testcase name="Baby_Birth_Certificate" time="2.47" classname="TestDriver.TestDriver_UI"/>
</testsuite> <!-- Default test -->
