<?xml version="1.0" encoding="UTF-8"?>
<!-- Generated by org.testng.reporters.JUnitXMLReporter -->
<testsuite hostname="LAP13783" ignored="0" name="Test1" tests="4" failures="0" timestamp="22 Aug 2019 09:37:39 GMT" time="0.031" errors="0">
  <testcase name="f" time="0.004" classname="sanlam.GTI.TestNGClassName"/>
  <testcase name="f" time="0.001" classname="sanlam.GTI.TestNGClassName"/>
  <testcase name="systemOutJUnitTest" time="0.001" classname="sanlam.GTI.TestNGClassName"/>
  <testcase name="systemOutTestNGTest" time="0.002" classname="sanlam.GTI.TestNGClassName"/>
</testsuite> <!-- Test1 -->
