<?xml version="1.0" encoding="UTF-8"?>
<testsuite xmlns:xsi="http://www.w3.org/2001/XMLSchema-instance" xsi:noNamespaceSchemaLocation="https://maven.apache.org/surefire/maven-surefire-plugin/xsd/surefire-test-report.xsd" name="TestSuite" time="18.332" tests="4" errors="0" skipped="0" failures="0">
  <properties>
[...]
</properties>
  <testcase name="ARW_UC_Integrate_Ul_Obj_After" classname="coreDrivers.TestDriver" time="5.813"/>
  <testcase name="Glacier_DP_Integ_Db_After" classname="coreDrivers.TestDriver" time="4.659"/>
  <testcase name="SCHEMA_NAME_on_TABLES_Before" classname="coreDrivers.TestDriver" time="2.169"/>
  <testcase name="SI_DP_Tera_Integ_After" classname="coreDrivers.TestDriver" time="1.903"/>
</testsuite>