<?xml version="1.0" encoding="UTF-8"?>
<testng-results skipped="0" failed="0" ignored="0" total="3" passed="3">
  <reporter-output>
  </reporter-output>
  <suite name="nameNG_Suite" duration-ms="8054" started-at="2020-04-01T12:10:44Z" finished-at="2020-04-01T12:10:52Z">
    <groups>
    </groups>
    <test name="Example1" duration-ms="8054" started-at="2020-04-01T12:10:44Z" finished-at="2020-04-01T12:10:52Z">
      <class name="TestDriver.TestDriver_UI">
        <test-method status="PASS" signature="AccesCard_Deductions()[pri:0, instance:TestDriver.TestDriver_UI@409c54f]" name="AccesCard_Deductions" duration-ms="6403" started-at="2020-04-01T14:10:44Z" finished-at="2020-04-01T14:10:51Z">
          <reporter-output>
          </reporter-output>
        </test-method> <!-- AccesCard_Deductions -->
        <test-method status="PASS" signature="Year25LongService()[pri:1, instance:TestDriver.TestDriver_UI@409c54f]" name="Year25LongService" duration-ms="767" started-at="2020-04-01T14:10:51Z" finished-at="2020-04-01T14:10:51Z">
          <reporter-output>
          </reporter-output>
        </test-method> <!-- Year25LongService -->
        <test-method status="PASS" signature="Baby_Birth_Certificate()[pri:2, instance:TestDriver.TestDriver_UI@409c54f]" name="Baby_Birth_Certificate" duration-ms="846" started-at="2020-04-01T14:10:51Z" finished-at="2020-04-01T14:10:52Z">
          <reporter-output>
          </reporter-output>
        </test-method> <!-- Baby_Birth_Certificate -->
      </class> <!-- TestDriver.TestDriver_UI -->
    </test> <!-- Example1 -->
  </suite> <!-- nameNG_Suite -->
</testng-results>
