<?xml version="1.0" encoding="UTF-8"?>
<!-- Generated by org.testng.reporters.JUnitXMLReporter -->
<testsuite hostname="LAP13783" ignored="36" name="ChangeRunDemo" tests="4" failures="0" timestamp="09 Mar 2020 14:58:24 GMT" time="14.573" errors="0">
  <testcase name="ARW_UC_Integrate_Ul_Obj_After" time="5.814" classname="coreDrivers.TestDriver"/>
  <testcase name="Glacier_DP_Integ_Db_After" time="4.66" classname="coreDrivers.TestDriver"/>
  <testcase name="SCHEMA_NAME_on_TABLES_Before" time="2.17" classname="coreDrivers.TestDriver"/>
  <testcase name="SI_DP_Tera_Integ_After" time="1.902" classname="coreDrivers.TestDriver"/>
  <testcase name="SI_DP_Tera_Integ_Before" time="0.0" classname="coreDrivers.TestDriver">
    <ignored/>
  </testcase> <!-- SI_DP_Tera_Integ_Before -->
  <testcase name="Teradata_Integration_After" time="0.0" classname="coreDrivers.TestDriver">
    <ignored/>
  </testcase> <!-- Teradata_Integration_After -->
  <testcase name="Glacier_BT_Tera_Integ_Before" time="0.0" classname="coreDrivers.TestDriver">
    <ignored/>
  </testcase> <!-- Glacier_BT_Tera_Integ_Before -->
  <testcase name="Glacier_User_Inte_ul_Obj_After" time="0.0" classname="coreDrivers.TestDriver">
    <ignored/>
  </testcase> <!-- Glacier_User_Inte_ul_Obj_After -->
  <testcase name="Cnt_OBJECT_TYPE_on_OBJS_After" time="0.0" classname="coreDrivers.TestDriver">
    <ignored/>
  </testcase> <!-- Cnt_OBJECT_TYPE_on_OBJS_After -->
  <testcase name="SI_User_Integ_ul_Obj_Before" time="0.0" classname="coreDrivers.TestDriver">
    <ignored/>
  </testcase> <!-- SI_User_Integ_ul_Obj_Before -->
  <testcase name="EI2_DP_Layer_Before" time="0.0" classname="coreDrivers.TestDriver">
    <ignored/>
  </testcase> <!-- EI2_DP_Layer_Before -->
  <testcase name="SI_UC_Integ_Db_Before" time="0.0" classname="coreDrivers.TestDriver">
    <ignored/>
  </testcase> <!-- SI_UC_Integ_Db_Before -->
  <testcase name="ARW_DP_layer_After" time="0.0" classname="coreDrivers.TestDriver">
    <ignored/>
  </testcase> <!-- ARW_DP_layer_After -->
  <testcase name="SI_BT_Tera_Integ_Before" time="0.0" classname="coreDrivers.TestDriver">
    <ignored/>
  </testcase> <!-- SI_BT_Tera_Integ_Before -->
  <testcase name="SI_User_Integ_ul_Obj_After" time="0.0" classname="coreDrivers.TestDriver">
    <ignored/>
  </testcase> <!-- SI_User_Integ_ul_Obj_After -->
  <testcase name="SI_UC_Integ_Db_After" time="0.0" classname="coreDrivers.TestDriver">
    <ignored/>
  </testcase> <!-- SI_UC_Integ_Db_After -->
  <testcase name="SCHEMA_NAME_on_TABLES_After" time="0.0" classname="coreDrivers.TestDriver">
    <ignored/>
  </testcase> <!-- SCHEMA_NAME_on_TABLES_After -->
  <testcase name="Glacier_User_Inte_ul_Obj_Before" time="0.0" classname="coreDrivers.TestDriver">
    <ignored/>
  </testcase> <!-- Glacier_User_Inte_ul_Obj_Before -->
  <testcase name="Cnt_SchNmeObjType_on_OBJ_After" time="0.0" classname="coreDrivers.TestDriver">
    <ignored/>
  </testcase> <!-- Cnt_SchNmeObjType_on_OBJ_After -->
  <testcase name="Glacier_DP_Integ_Db_Before" time="0.0" classname="coreDrivers.TestDriver">
    <ignored/>
  </testcase> <!-- Glacier_DP_Integ_Db_Before -->
  <testcase name="EI2_User_Integ_Ul_Obj_After" time="0.0" classname="coreDrivers.TestDriver">
    <ignored/>
  </testcase> <!-- EI2_User_Integ_Ul_Obj_After -->
  <testcase name="Glacier_BT_Tera_Integ_After" time="0.0" classname="coreDrivers.TestDriver">
    <ignored/>
  </testcase> <!-- Glacier_BT_Tera_Integ_After -->
  <testcase name="PRIV_on_GRANTED_PRIV_Before" time="0.0" classname="coreDrivers.TestDriver">
    <ignored/>
  </testcase> <!-- PRIV_on_GRANTED_PRIV_Before -->
  <testcase name="EI2_User_Integ_Ul_Obj_Before" time="0.0" classname="coreDrivers.TestDriver">
    <ignored/>
  </testcase> <!-- EI2_User_Integ_Ul_Obj_Before -->
  <testcase name="ROLE_NAME_on_GRNTD_ROLES_After" time="0.0" classname="coreDrivers.TestDriver">
    <ignored/>
  </testcase> <!-- ROLE_NAME_on_GRNTD_ROLES_After -->
  <testcase name="Cloudera_Integration_Before" time="0.0" classname="coreDrivers.TestDriver">
    <ignored/>
  </testcase> <!-- Cloudera_Integration_Before -->
  <testcase name="ARW_DP_layer_Before" time="0.0" classname="coreDrivers.TestDriver">
    <ignored/>
  </testcase> <!-- ARW_DP_layer_Before -->
  <testcase name="Cloudera_Integration_After" time="0.0" classname="coreDrivers.TestDriver">
    <ignored/>
  </testcase> <!-- Cloudera_Integration_After -->
  <testcase name="Glacier_DP_Tera_Integ_Before" time="0.0" classname="coreDrivers.TestDriver">
    <ignored/>
  </testcase> <!-- Glacier_DP_Tera_Integ_Before -->
  <testcase name="EI2_DP_Layer_After" time="0.0" classname="coreDrivers.TestDriver">
    <ignored/>
  </testcase> <!-- EI2_DP_Layer_After -->
  <testcase name="SCHEMA_NAME_on_OBJECTS_Before" time="0.0" classname="coreDrivers.TestDriver">
    <ignored/>
  </testcase> <!-- SCHEMA_NAME_on_OBJECTS_Before -->
  <testcase name="Glacier_DP_Tera_Integ_After" time="0.0" classname="coreDrivers.TestDriver">
    <ignored/>
  </testcase> <!-- Glacier_DP_Tera_Integ_After -->
  <testcase name="SI_BT_Tera_Integ_After" time="0.0" classname="coreDrivers.TestDriver">
    <ignored/>
  </testcase> <!-- SI_BT_Tera_Integ_After -->
  <testcase name="PRIV_on_GRANTED_PRIV_After" time="0.0" classname="coreDrivers.TestDriver">
    <ignored/>
  </testcase> <!-- PRIV_on_GRANTED_PRIV_After -->
  <testcase name="Cnt_OBJECT_TYPE_on_OBJS_Before" time="0.0" classname="coreDrivers.TestDriver">
    <ignored/>
  </testcase> <!-- Cnt_OBJECT_TYPE_on_OBJS_Before -->
  <testcase name="ARW_UC_Integrate_Ul_Obj_Before" time="0.0" classname="coreDrivers.TestDriver">
    <ignored/>
  </testcase> <!-- ARW_UC_Integrate_Ul_Obj_Before -->
  <testcase name="SCHEMA_NAME_on_OBJECTS_After" time="0.0" classname="coreDrivers.TestDriver">
    <ignored/>
  </testcase> <!-- SCHEMA_NAME_on_OBJECTS_After -->
  <testcase name="ROLE_NAME_on_GRNTD_ROLES_Before" time="0.0" classname="coreDrivers.TestDriver">
    <ignored/>
  </testcase> <!-- ROLE_NAME_on_GRNTD_ROLES_Before -->
  <testcase name="Cnt_SchNmeObjType_on_OBJ_Before" time="0.0" classname="coreDrivers.TestDriver">
    <ignored/>
  </testcase> <!-- Cnt_SchNmeObjType_on_OBJ_Before -->
  <testcase name="Teradata_Integration_Before" time="0.0" classname="coreDrivers.TestDriver">
    <ignored/>
  </testcase> <!-- Teradata_Integration_Before -->
</testsuite> <!-- ChangeRunDemo -->
