<?xml version="1.0" encoding="UTF-8"?>
<!-- Generated by org.testng.reporters.JUnitXMLReporter -->
<testsuite hostname="LAP08565" ignored="0" name="Example1" tests="3" failures="0" timestamp="01 Apr 2020 12:10:52 GMT" time="8.054" errors="0">
  <testcase name="AccesCard_Deductions" time="6.403" classname="TestDriver.TestDriver_UI"/>
  <testcase name="Year25LongService" time="0.767" classname="TestDriver.TestDriver_UI"/>
  <testcase name="Baby_Birth_Certificate" time="0.846" classname="TestDriver.TestDriver_UI"/>
</testsuite> <!-- Example1 -->
